
*** Running vivado
    with args -log design_1_processing_system7_0_1.vds -m64 -product Vivado -mode batch -messageDb vivado.pb -notrace -source design_1_processing_system7_0_1.tcl


****** Vivado v2018.3 (64-bit)
  **** SW Build 2405991 on Thu Dec  6 23:38:27 MST 2018
  **** IP Build 2404404 on Fri Dec  7 01:43:56 MST 2018
    ** Copyright 1986-2018 Xilinx, Inc. All Rights Reserved.

source design_1_processing_system7_0_1.tcl -notrace
INFO: [IP_Flow 19-234] Refreshing IP repositories
INFO: [IP_Flow 19-1700] Loaded user IP repository 'c:/Users/Tom/Documents/Projects/Scopy_MVP_Platform/scopy-fpga/ip_repo/adc_test_streamer_2.0'.
INFO: [IP_Flow 19-1700] Loaded user IP repository 'c:/Users/Tom/Documents/Projects/Scopy_MVP_Platform/scopy-fpga/ip_repo/adc_streamer_1.0'.
INFO: [IP_Flow 19-2313] Loaded Vivado IP repository 'G:/Xilinx/Vivado/2018.3/data/ip'.
WARNING: [IP_Flow 19-4995] The host OS only allows 260 characters in a normal path. The IP cache path is more than 80 characters. If you experience issues with IP caching, please consider changing the IP cache to a location with a shorter path. Alternately consider using the OS subst command to map part of the path to a drive letter. 
Current IP cache path is c:/Users/Tom/Documents/Projects/Scopy_MVP_Platform/scopy-fpga/logic/logic.cache/ip 
Command: synth_design -top design_1_processing_system7_0_1 -part xc7z014sclg400-1 -mode out_of_context
Starting synth_design
Attempting to get a license for feature 'Synthesis' and/or device 'xc7z014s'
INFO: [Common 17-349] Got license for feature 'Synthesis' and/or device 'xc7z014s'
INFO: Launching helper process for spawning children vivado processes
INFO: Helper process launched with PID 7540 
---------------------------------------------------------------------------------
Starting RTL Elaboration : Time (s): cpu = 00:00:03 ; elapsed = 00:00:04 . Memory (MB): peak = 404.289 ; gain = 104.348
---------------------------------------------------------------------------------
INFO: [Synth 8-6157] synthesizing module 'design_1_processing_system7_0_1' [c:/Users/Tom/Documents/Projects/Scopy_MVP_Platform/scopy-fpga/logic/logic.srcs/sources_1/bd/design_1/ip/design_1_processing_system7_0_1/synth/design_1_processing_system7_0_1.v:60]
INFO: [Synth 8-6157] synthesizing module 'processing_system7_v5_5_processing_system7' [c:/Users/Tom/Documents/Projects/Scopy_MVP_Platform/scopy-fpga/logic/logic.srcs/sources_1/bd/design_1/ip/design_1_processing_system7_0_1/hdl/verilog/processing_system7_v5_5_processing_system7.v:161]
	Parameter C_USE_DEFAULT_ACP_USER_VAL bound to: 0 - type: integer 
	Parameter C_S_AXI_ACP_ARUSER_VAL bound to: 31 - type: integer 
	Parameter C_S_AXI_ACP_AWUSER_VAL bound to: 31 - type: integer 
	Parameter C_M_AXI_GP0_THREAD_ID_WIDTH bound to: 12 - type: integer 
	Parameter C_M_AXI_GP1_THREAD_ID_WIDTH bound to: 12 - type: integer 
	Parameter C_M_AXI_GP0_ENABLE_STATIC_REMAP bound to: 0 - type: integer 
	Parameter C_M_AXI_GP1_ENABLE_STATIC_REMAP bound to: 0 - type: integer 
	Parameter C_M_AXI_GP0_ID_WIDTH bound to: 12 - type: integer 
	Parameter C_M_AXI_GP1_ID_WIDTH bound to: 12 - type: integer 
	Parameter C_S_AXI_GP0_ID_WIDTH bound to: 6 - type: integer 
	Parameter C_S_AXI_GP1_ID_WIDTH bound to: 6 - type: integer 
	Parameter C_S_AXI_HP0_ID_WIDTH bound to: 6 - type: integer 
	Parameter C_S_AXI_HP1_ID_WIDTH bound to: 6 - type: integer 
	Parameter C_S_AXI_HP2_ID_WIDTH bound to: 6 - type: integer 
	Parameter C_S_AXI_HP3_ID_WIDTH bound to: 6 - type: integer 
	Parameter C_S_AXI_ACP_ID_WIDTH bound to: 3 - type: integer 
	Parameter C_S_AXI_HP0_DATA_WIDTH bound to: 64 - type: integer 
	Parameter C_S_AXI_HP1_DATA_WIDTH bound to: 64 - type: integer 
	Parameter C_S_AXI_HP2_DATA_WIDTH bound to: 64 - type: integer 
	Parameter C_S_AXI_HP3_DATA_WIDTH bound to: 64 - type: integer 
	Parameter C_INCLUDE_ACP_TRANS_CHECK bound to: 0 - type: integer 
	Parameter C_NUM_F2P_INTR_INPUTS bound to: 16 - type: integer 
	Parameter C_FCLK_CLK0_BUF bound to: TRUE - type: string 
	Parameter C_FCLK_CLK1_BUF bound to: FALSE - type: string 
	Parameter C_FCLK_CLK2_BUF bound to: FALSE - type: string 
	Parameter C_FCLK_CLK3_BUF bound to: FALSE - type: string 
	Parameter C_EMIO_GPIO_WIDTH bound to: 64 - type: integer 
	Parameter C_INCLUDE_TRACE_BUFFER bound to: 0 - type: integer 
	Parameter C_TRACE_BUFFER_FIFO_SIZE bound to: 128 - type: integer 
	Parameter C_TRACE_BUFFER_CLOCK_DELAY bound to: 12 - type: integer 
	Parameter USE_TRACE_DATA_EDGE_DETECTOR bound to: 0 - type: integer 
	Parameter C_TRACE_PIPELINE_WIDTH bound to: 8 - type: integer 
	Parameter C_PS7_SI_REV bound to: PRODUCTION - type: string 
	Parameter C_EN_EMIO_ENET0 bound to: 0 - type: integer 
	Parameter C_EN_EMIO_ENET1 bound to: 0 - type: integer 
	Parameter C_EN_EMIO_TRACE bound to: 0 - type: integer 
	Parameter C_DQ_WIDTH bound to: 32 - type: integer 
	Parameter C_DQS_WIDTH bound to: 4 - type: integer 
	Parameter C_DM_WIDTH bound to: 4 - type: integer 
	Parameter C_MIO_PRIMITIVE bound to: 54 - type: integer 
	Parameter C_PACKAGE_NAME bound to: clg400 - type: string 
	Parameter C_IRQ_F2P_MODE bound to: DIRECT - type: string 
	Parameter C_TRACE_INTERNAL_WIDTH bound to: 2 - type: integer 
	Parameter C_EN_EMIO_PJTAG bound to: 0 - type: integer 
	Parameter C_USE_AXI_NONSECURE bound to: 0 - type: integer 
	Parameter C_USE_S_AXI_HP0 bound to: 1 - type: integer 
	Parameter C_USE_S_AXI_HP1 bound to: 0 - type: integer 
	Parameter C_USE_S_AXI_HP2 bound to: 0 - type: integer 
	Parameter C_USE_S_AXI_HP3 bound to: 0 - type: integer 
	Parameter C_USE_M_AXI_GP0 bound to: 1 - type: integer 
	Parameter C_USE_M_AXI_GP1 bound to: 0 - type: integer 
	Parameter C_USE_S_AXI_GP0 bound to: 0 - type: integer 
	Parameter C_USE_S_AXI_GP1 bound to: 0 - type: integer 
	Parameter C_USE_S_AXI_ACP bound to: 0 - type: integer 
	Parameter C_GP0_EN_MODIFIABLE_TXN bound to: 1 - type: integer 
	Parameter C_GP1_EN_MODIFIABLE_TXN bound to: 1 - type: integer 
INFO: [Synth 8-5534] Detected attribute (* keep = "true" *) [c:/Users/Tom/Documents/Projects/Scopy_MVP_Platform/scopy-fpga/logic/logic.srcs/sources_1/bd/design_1/ip/design_1_processing_system7_0_1/hdl/verilog/processing_system7_v5_5_processing_system7.v:1347]
INFO: [Synth 8-5534] Detected attribute (* keep = "true" *) [c:/Users/Tom/Documents/Projects/Scopy_MVP_Platform/scopy-fpga/logic/logic.srcs/sources_1/bd/design_1/ip/design_1_processing_system7_0_1/hdl/verilog/processing_system7_v5_5_processing_system7.v:1348]
INFO: [Synth 8-6157] synthesizing module 'BUFG' [G:/Xilinx/Vivado/2018.3/scripts/rt/data/unisim_comp.v:609]
INFO: [Synth 8-6155] done synthesizing module 'BUFG' (1#1) [G:/Xilinx/Vivado/2018.3/scripts/rt/data/unisim_comp.v:609]
INFO: [Synth 8-6157] synthesizing module 'BIBUF' [G:/Xilinx/Vivado/2018.3/scripts/rt/data/unisim_comp.v:270]
INFO: [Synth 8-6155] done synthesizing module 'BIBUF' (2#1) [G:/Xilinx/Vivado/2018.3/scripts/rt/data/unisim_comp.v:270]
INFO: [Synth 8-6157] synthesizing module 'PS7' [G:/Xilinx/Vivado/2018.3/scripts/rt/data/unisim_comp.v:41553]
INFO: [Synth 8-6155] done synthesizing module 'PS7' (3#1) [G:/Xilinx/Vivado/2018.3/scripts/rt/data/unisim_comp.v:41553]
INFO: [Synth 8-6155] done synthesizing module 'processing_system7_v5_5_processing_system7' (4#1) [c:/Users/Tom/Documents/Projects/Scopy_MVP_Platform/scopy-fpga/logic/logic.srcs/sources_1/bd/design_1/ip/design_1_processing_system7_0_1/hdl/verilog/processing_system7_v5_5_processing_system7.v:161]
WARNING: [Synth 8-350] instance 'inst' of module 'processing_system7_v5_5_processing_system7' requires 685 connections, but only 672 given [c:/Users/Tom/Documents/Projects/Scopy_MVP_Platform/scopy-fpga/logic/logic.srcs/sources_1/bd/design_1/ip/design_1_processing_system7_0_1/synth/design_1_processing_system7_0_1.v:513]
INFO: [Synth 8-6155] done synthesizing module 'design_1_processing_system7_0_1' (5#1) [c:/Users/Tom/Documents/Projects/Scopy_MVP_Platform/scopy-fpga/logic/logic.srcs/sources_1/bd/design_1/ip/design_1_processing_system7_0_1/synth/design_1_processing_system7_0_1.v:60]
WARNING: [Synth 8-3331] design processing_system7_v5_5_processing_system7 has unconnected port ENET0_GMII_COL
WARNING: [Synth 8-3331] design processing_system7_v5_5_processing_system7 has unconnected port ENET0_GMII_CRS
WARNING: [Synth 8-3331] design processing_system7_v5_5_processing_system7 has unconnected port ENET0_GMII_RX_DV
WARNING: [Synth 8-3331] design processing_system7_v5_5_processing_system7 has unconnected port ENET0_GMII_RX_ER
WARNING: [Synth 8-3331] design processing_system7_v5_5_processing_system7 has unconnected port ENET0_GMII_RXD[7]
WARNING: [Synth 8-3331] design processing_system7_v5_5_processing_system7 has unconnected port ENET0_GMII_RXD[6]
WARNING: [Synth 8-3331] design processing_system7_v5_5_processing_system7 has unconnected port ENET0_GMII_RXD[5]
WARNING: [Synth 8-3331] design processing_system7_v5_5_processing_system7 has unconnected port ENET0_GMII_RXD[4]
WARNING: [Synth 8-3331] design processing_system7_v5_5_processing_system7 has unconnected port ENET0_GMII_RXD[3]
WARNING: [Synth 8-3331] design processing_system7_v5_5_processing_system7 has unconnected port ENET0_GMII_RXD[2]
WARNING: [Synth 8-3331] design processing_system7_v5_5_processing_system7 has unconnected port ENET0_GMII_RXD[1]
WARNING: [Synth 8-3331] design processing_system7_v5_5_processing_system7 has unconnected port ENET0_GMII_RXD[0]
WARNING: [Synth 8-3331] design processing_system7_v5_5_processing_system7 has unconnected port ENET1_GMII_COL
WARNING: [Synth 8-3331] design processing_system7_v5_5_processing_system7 has unconnected port ENET1_GMII_CRS
WARNING: [Synth 8-3331] design processing_system7_v5_5_processing_system7 has unconnected port ENET1_GMII_RX_DV
WARNING: [Synth 8-3331] design processing_system7_v5_5_processing_system7 has unconnected port ENET1_GMII_RX_ER
WARNING: [Synth 8-3331] design processing_system7_v5_5_processing_system7 has unconnected port ENET1_GMII_RXD[7]
WARNING: [Synth 8-3331] design processing_system7_v5_5_processing_system7 has unconnected port ENET1_GMII_RXD[6]
WARNING: [Synth 8-3331] design processing_system7_v5_5_processing_system7 has unconnected port ENET1_GMII_RXD[5]
WARNING: [Synth 8-3331] design processing_system7_v5_5_processing_system7 has unconnected port ENET1_GMII_RXD[4]
WARNING: [Synth 8-3331] design processing_system7_v5_5_processing_system7 has unconnected port ENET1_GMII_RXD[3]
WARNING: [Synth 8-3331] design processing_system7_v5_5_processing_system7 has unconnected port ENET1_GMII_RXD[2]
WARNING: [Synth 8-3331] design processing_system7_v5_5_processing_system7 has unconnected port ENET1_GMII_RXD[1]
WARNING: [Synth 8-3331] design processing_system7_v5_5_processing_system7 has unconnected port ENET1_GMII_RXD[0]
WARNING: [Synth 8-3331] design processing_system7_v5_5_processing_system7 has unconnected port S_AXI_GP0_ARSIZE[2]
WARNING: [Synth 8-3331] design processing_system7_v5_5_processing_system7 has unconnected port S_AXI_GP0_AWSIZE[2]
WARNING: [Synth 8-3331] design processing_system7_v5_5_processing_system7 has unconnected port S_AXI_GP1_ARSIZE[2]
WARNING: [Synth 8-3331] design processing_system7_v5_5_processing_system7 has unconnected port S_AXI_GP1_AWSIZE[2]
WARNING: [Synth 8-3331] design processing_system7_v5_5_processing_system7 has unconnected port S_AXI_ACP_ARSIZE[2]
WARNING: [Synth 8-3331] design processing_system7_v5_5_processing_system7 has unconnected port S_AXI_ACP_AWSIZE[2]
WARNING: [Synth 8-3331] design processing_system7_v5_5_processing_system7 has unconnected port S_AXI_HP0_ARSIZE[2]
WARNING: [Synth 8-3331] design processing_system7_v5_5_processing_system7 has unconnected port S_AXI_HP0_AWSIZE[2]
WARNING: [Synth 8-3331] design processing_system7_v5_5_processing_system7 has unconnected port S_AXI_HP1_ARSIZE[2]
WARNING: [Synth 8-3331] design processing_system7_v5_5_processing_system7 has unconnected port S_AXI_HP1_AWSIZE[2]
WARNING: [Synth 8-3331] design processing_system7_v5_5_processing_system7 has unconnected port S_AXI_HP2_ARSIZE[2]
WARNING: [Synth 8-3331] design processing_system7_v5_5_processing_system7 has unconnected port S_AXI_HP2_AWSIZE[2]
WARNING: [Synth 8-3331] design processing_system7_v5_5_processing_system7 has unconnected port S_AXI_HP3_ARSIZE[2]
WARNING: [Synth 8-3331] design processing_system7_v5_5_processing_system7 has unconnected port S_AXI_HP3_AWSIZE[2]
WARNING: [Synth 8-3331] design processing_system7_v5_5_processing_system7 has unconnected port FCLK_CLKTRIG3_N
WARNING: [Synth 8-3331] design processing_system7_v5_5_processing_system7 has unconnected port FCLK_CLKTRIG2_N
WARNING: [Synth 8-3331] design processing_system7_v5_5_processing_system7 has unconnected port FCLK_CLKTRIG1_N
WARNING: [Synth 8-3331] design processing_system7_v5_5_processing_system7 has unconnected port FCLK_CLKTRIG0_N
WARNING: [Synth 8-3331] design processing_system7_v5_5_processing_system7 has unconnected port FTMD_TRACEIN_DATA[31]
WARNING: [Synth 8-3331] design processing_system7_v5_5_processing_system7 has unconnected port FTMD_TRACEIN_DATA[30]
WARNING: [Synth 8-3331] design processing_system7_v5_5_processing_system7 has unconnected port FTMD_TRACEIN_DATA[29]
WARNING: [Synth 8-3331] design processing_system7_v5_5_processing_system7 has unconnected port FTMD_TRACEIN_DATA[28]
WARNING: [Synth 8-3331] design processing_system7_v5_5_processing_system7 has unconnected port FTMD_TRACEIN_DATA[27]
WARNING: [Synth 8-3331] design processing_system7_v5_5_processing_system7 has unconnected port FTMD_TRACEIN_DATA[26]
WARNING: [Synth 8-3331] design processing_system7_v5_5_processing_system7 has unconnected port FTMD_TRACEIN_DATA[25]
WARNING: [Synth 8-3331] design processing_system7_v5_5_processing_system7 has unconnected port FTMD_TRACEIN_DATA[24]
WARNING: [Synth 8-3331] design processing_system7_v5_5_processing_system7 has unconnected port FTMD_TRACEIN_DATA[23]
WARNING: [Synth 8-3331] design processing_system7_v5_5_processing_system7 has unconnected port FTMD_TRACEIN_DATA[22]
WARNING: [Synth 8-3331] design processing_system7_v5_5_processing_system7 has unconnected port FTMD_TRACEIN_DATA[21]
WARNING: [Synth 8-3331] design processing_system7_v5_5_processing_system7 has unconnected port FTMD_TRACEIN_DATA[20]
WARNING: [Synth 8-3331] design processing_system7_v5_5_processing_system7 has unconnected port FTMD_TRACEIN_DATA[19]
WARNING: [Synth 8-3331] design processing_system7_v5_5_processing_system7 has unconnected port FTMD_TRACEIN_DATA[18]
WARNING: [Synth 8-3331] design processing_system7_v5_5_processing_system7 has unconnected port FTMD_TRACEIN_DATA[17]
WARNING: [Synth 8-3331] design processing_system7_v5_5_processing_system7 has unconnected port FTMD_TRACEIN_DATA[16]
WARNING: [Synth 8-3331] design processing_system7_v5_5_processing_system7 has unconnected port FTMD_TRACEIN_DATA[15]
WARNING: [Synth 8-3331] design processing_system7_v5_5_processing_system7 has unconnected port FTMD_TRACEIN_DATA[14]
WARNING: [Synth 8-3331] design processing_system7_v5_5_processing_system7 has unconnected port FTMD_TRACEIN_DATA[13]
WARNING: [Synth 8-3331] design processing_system7_v5_5_processing_system7 has unconnected port FTMD_TRACEIN_DATA[12]
WARNING: [Synth 8-3331] design processing_system7_v5_5_processing_system7 has unconnected port FTMD_TRACEIN_DATA[11]
WARNING: [Synth 8-3331] design processing_system7_v5_5_processing_system7 has unconnected port FTMD_TRACEIN_DATA[10]
WARNING: [Synth 8-3331] design processing_system7_v5_5_processing_system7 has unconnected port FTMD_TRACEIN_DATA[9]
WARNING: [Synth 8-3331] design processing_system7_v5_5_processing_system7 has unconnected port FTMD_TRACEIN_DATA[8]
WARNING: [Synth 8-3331] design processing_system7_v5_5_processing_system7 has unconnected port FTMD_TRACEIN_DATA[7]
WARNING: [Synth 8-3331] design processing_system7_v5_5_processing_system7 has unconnected port FTMD_TRACEIN_DATA[6]
WARNING: [Synth 8-3331] design processing_system7_v5_5_processing_system7 has unconnected port FTMD_TRACEIN_DATA[5]
WARNING: [Synth 8-3331] design processing_system7_v5_5_processing_system7 has unconnected port FTMD_TRACEIN_DATA[4]
WARNING: [Synth 8-3331] design processing_system7_v5_5_processing_system7 has unconnected port FTMD_TRACEIN_DATA[3]
WARNING: [Synth 8-3331] design processing_system7_v5_5_processing_system7 has unconnected port FTMD_TRACEIN_DATA[2]
WARNING: [Synth 8-3331] design processing_system7_v5_5_processing_system7 has unconnected port FTMD_TRACEIN_DATA[1]
WARNING: [Synth 8-3331] design processing_system7_v5_5_processing_system7 has unconnected port FTMD_TRACEIN_DATA[0]
WARNING: [Synth 8-3331] design processing_system7_v5_5_processing_system7 has unconnected port FTMD_TRACEIN_VALID
WARNING: [Synth 8-3331] design processing_system7_v5_5_processing_system7 has unconnected port FTMD_TRACEIN_ATID[3]
WARNING: [Synth 8-3331] design processing_system7_v5_5_processing_system7 has unconnected port FTMD_TRACEIN_ATID[2]
WARNING: [Synth 8-3331] design processing_system7_v5_5_processing_system7 has unconnected port FTMD_TRACEIN_ATID[1]
WARNING: [Synth 8-3331] design processing_system7_v5_5_processing_system7 has unconnected port FTMD_TRACEIN_ATID[0]
---------------------------------------------------------------------------------
Finished RTL Elaboration : Time (s): cpu = 00:00:05 ; elapsed = 00:00:08 . Memory (MB): peak = 461.219 ; gain = 161.277
---------------------------------------------------------------------------------

Report Check Netlist: 
+------+------------------+-------+---------+-------+------------------+
|      |Item              |Errors |Warnings |Status |Description       |
+------+------------------+-------+---------+-------+------------------+
|1     |multi_driven_nets |      0|        0|Passed |Multi driven nets |
+------+------------------+-------+---------+-------+------------------+
---------------------------------------------------------------------------------
Start Handling Custom Attributes
---------------------------------------------------------------------------------
---------------------------------------------------------------------------------
Finished Handling Custom Attributes : Time (s): cpu = 00:00:05 ; elapsed = 00:00:08 . Memory (MB): peak = 461.219 ; gain = 161.277
---------------------------------------------------------------------------------
---------------------------------------------------------------------------------
Finished RTL Optimization Phase 1 : Time (s): cpu = 00:00:05 ; elapsed = 00:00:08 . Memory (MB): peak = 461.219 ; gain = 161.277
---------------------------------------------------------------------------------
INFO: [Device 21-403] Loading part xc7z014sclg400-1
INFO: [Project 1-570] Preparing netlist for logic optimization

Processing XDC Constraints
Initializing timing engine
Parsing XDC File [c:/Users/Tom/Documents/Projects/Scopy_MVP_Platform/scopy-fpga/logic/logic.srcs/sources_1/bd/design_1/ip/design_1_processing_system7_0_1/design_1_processing_system7_0_1.xdc] for cell 'inst'
Finished Parsing XDC File [c:/Users/Tom/Documents/Projects/Scopy_MVP_Platform/scopy-fpga/logic/logic.srcs/sources_1/bd/design_1/ip/design_1_processing_system7_0_1/design_1_processing_system7_0_1.xdc] for cell 'inst'
INFO: [Project 1-236] Implementation specific constraints were found while reading constraint file [c:/Users/Tom/Documents/Projects/Scopy_MVP_Platform/scopy-fpga/logic/logic.srcs/sources_1/bd/design_1/ip/design_1_processing_system7_0_1/design_1_processing_system7_0_1.xdc]. These constraints will be ignored for synthesis but will be used in implementation. Impacted constraints are listed in the file [.Xil/design_1_processing_system7_0_1_propImpl.xdc].
Resolution: To avoid this warning, move constraints listed in [.Xil/design_1_processing_system7_0_1_propImpl.xdc] to another XDC file and exclude this new file from synthesis with the used_in_synthesis property (File Properties dialog in GUI) and re-run elaboration/synthesis.
Netlist sorting complete. Time (s): cpu = 00:00:00 ; elapsed = 00:00:00 . Memory (MB): peak = 745.273 ; gain = 0.000
Parsing XDC File [C:/Users/Tom/Documents/Projects/Scopy_MVP_Platform/scopy-fpga/logic/logic.runs/design_1_processing_system7_0_1_synth_1/dont_touch.xdc]
Finished Parsing XDC File [C:/Users/Tom/Documents/Projects/Scopy_MVP_Platform/scopy-fpga/logic/logic.runs/design_1_processing_system7_0_1_synth_1/dont_touch.xdc]
Completed Processing XDC Constraints

Netlist sorting complete. Time (s): cpu = 00:00:00 ; elapsed = 00:00:00 . Memory (MB): peak = 745.273 ; gain = 0.000
INFO: [Project 1-111] Unisim Transformation Summary:
No Unisim elements were transformed.

Netlist sorting complete. Time (s): cpu = 00:00:00 ; elapsed = 00:00:00 . Memory (MB): peak = 745.273 ; gain = 0.000
Constraint Validation Runtime : Time (s): cpu = 00:00:00 ; elapsed = 00:00:00.117 . Memory (MB): peak = 745.273 ; gain = 0.000
---------------------------------------------------------------------------------
Finished Constraint Validation : Time (s): cpu = 00:00:17 ; elapsed = 00:00:27 . Memory (MB): peak = 745.273 ; gain = 445.332
---------------------------------------------------------------------------------
---------------------------------------------------------------------------------
Start Loading Part and Timing Information
---------------------------------------------------------------------------------
Loading part: xc7z014sclg400-1
---------------------------------------------------------------------------------
Finished Loading Part and Timing Information : Time (s): cpu = 00:00:17 ; elapsed = 00:00:27 . Memory (MB): peak = 745.273 ; gain = 445.332
---------------------------------------------------------------------------------
---------------------------------------------------------------------------------
Start Applying 'set_property' XDC Constraints
---------------------------------------------------------------------------------
Applied set_property DONT_TOUCH = true for inst. (constraint file  C:/Users/Tom/Documents/Projects/Scopy_MVP_Platform/scopy-fpga/logic/logic.runs/design_1_processing_system7_0_1_synth_1/dont_touch.xdc, line 9).
---------------------------------------------------------------------------------
Finished applying 'set_property' XDC Constraints : Time (s): cpu = 00:00:18 ; elapsed = 00:00:27 . Memory (MB): peak = 745.273 ; gain = 445.332
---------------------------------------------------------------------------------
---------------------------------------------------------------------------------
Finished RTL Optimization Phase 2 : Time (s): cpu = 00:00:19 ; elapsed = 00:00:28 . Memory (MB): peak = 745.273 ; gain = 445.332
---------------------------------------------------------------------------------

Report RTL Partitions: 
+-+--------------+------------+----------+
| |RTL Partition |Replication |Instances |
+-+--------------+------------+----------+
+-+--------------+------------+----------+
---------------------------------------------------------------------------------
Start RTL Component Statistics 
---------------------------------------------------------------------------------
Detailed RTL Component Info : 
---------------------------------------------------------------------------------
Finished RTL Component Statistics 
---------------------------------------------------------------------------------
---------------------------------------------------------------------------------
Start RTL Hierarchical Component Statistics 
---------------------------------------------------------------------------------
Hierarchical RTL Component report 
---------------------------------------------------------------------------------
Finished RTL Hierarchical Component Statistics
---------------------------------------------------------------------------------
---------------------------------------------------------------------------------
Start Part Resource Summary
---------------------------------------------------------------------------------
Part Resources:
DSPs: 170 (col length:60)
BRAMs: 214 (col length: RAMB18 60 RAMB36 30)
---------------------------------------------------------------------------------
Finished Part Resource Summary
---------------------------------------------------------------------------------
---------------------------------------------------------------------------------
Start Cross Boundary and Area Optimization
---------------------------------------------------------------------------------
Warning: Parallel synthesis criteria is not met 
WARNING: [Synth 8-3331] design processing_system7_v5_5_processing_system7 has unconnected port ENET0_GMII_COL
WARNING: [Synth 8-3331] design processing_system7_v5_5_processing_system7 has unconnected port ENET0_GMII_CRS
WARNING: [Synth 8-3331] design processing_system7_v5_5_processing_system7 has unconnected port ENET0_GMII_RX_DV
WARNING: [Synth 8-3331] design processing_system7_v5_5_processing_system7 has unconnected port ENET0_GMII_RX_ER
WARNING: [Synth 8-3331] design processing_system7_v5_5_processing_system7 has unconnected port ENET0_GMII_RXD[7]
WARNING: [Synth 8-3331] design processing_system7_v5_5_processing_system7 has unconnected port ENET0_GMII_RXD[6]
WARNING: [Synth 8-3331] design processing_system7_v5_5_processing_system7 has unconnected port ENET0_GMII_RXD[5]
WARNING: [Synth 8-3331] design processing_system7_v5_5_processing_system7 has unconnected port ENET0_GMII_RXD[4]
WARNING: [Synth 8-3331] design processing_system7_v5_5_processing_system7 has unconnected port ENET0_GMII_RXD[3]
WARNING: [Synth 8-3331] design processing_system7_v5_5_processing_system7 has unconnected port ENET0_GMII_RXD[2]
WARNING: [Synth 8-3331] design processing_system7_v5_5_processing_system7 has unconnected port ENET0_GMII_RXD[1]
WARNING: [Synth 8-3331] design processing_system7_v5_5_processing_system7 has unconnected port ENET0_GMII_RXD[0]
WARNING: [Synth 8-3331] design processing_system7_v5_5_processing_system7 has unconnected port ENET1_GMII_COL
WARNING: [Synth 8-3331] design processing_system7_v5_5_processing_system7 has unconnected port ENET1_GMII_CRS
WARNING: [Synth 8-3331] design processing_system7_v5_5_processing_system7 has unconnected port ENET1_GMII_RX_DV
WARNING: [Synth 8-3331] design processing_system7_v5_5_processing_system7 has unconnected port ENET1_GMII_RX_ER
WARNING: [Synth 8-3331] design processing_system7_v5_5_processing_system7 has unconnected port ENET1_GMII_RXD[7]
WARNING: [Synth 8-3331] design processing_system7_v5_5_processing_system7 has unconnected port ENET1_GMII_RXD[6]
WARNING: [Synth 8-3331] design processing_system7_v5_5_processing_system7 has unconnected port ENET1_GMII_RXD[5]
WARNING: [Synth 8-3331] design processing_system7_v5_5_processing_system7 has unconnected port ENET1_GMII_RXD[4]
WARNING: [Synth 8-3331] design processing_system7_v5_5_processing_system7 has unconnected port ENET1_GMII_RXD[3]
INFO: [Common 17-14] Message 'Synth 8-3331' appears 100 times and further instances of the messages will be disabled. Use the Tcl command set_msg_config to change the current settings.
---------------------------------------------------------------------------------
Finished Cross Boundary and Area Optimization : Time (s): cpu = 00:00:20 ; elapsed = 00:00:29 . Memory (MB): peak = 745.273 ; gain = 445.332
---------------------------------------------------------------------------------

Report RTL Partitions: 
+-+--------------+------------+----------+
| |RTL Partition |Replication |Instances |
+-+--------------+------------+----------+
+-+--------------+------------+----------+
---------------------------------------------------------------------------------
Start Applying XDC Timing Constraints
---------------------------------------------------------------------------------
---------------------------------------------------------------------------------
Finished Applying XDC Timing Constraints : Time (s): cpu = 00:00:30 ; elapsed = 00:00:41 . Memory (MB): peak = 951.895 ; gain = 651.953
---------------------------------------------------------------------------------
---------------------------------------------------------------------------------
Start Timing Optimization
---------------------------------------------------------------------------------
---------------------------------------------------------------------------------
Finished Timing Optimization : Time (s): cpu = 00:00:30 ; elapsed = 00:00:41 . Memory (MB): peak = 972.113 ; gain = 672.172
---------------------------------------------------------------------------------

Report RTL Partitions: 
+-+--------------+------------+----------+
| |RTL Partition |Replication |Instances |
+-+--------------+------------+----------+
+-+--------------+------------+----------+
---------------------------------------------------------------------------------
Start Technology Mapping
---------------------------------------------------------------------------------
---------------------------------------------------------------------------------
Finished Technology Mapping : Time (s): cpu = 00:00:32 ; elapsed = 00:00:43 . Memory (MB): peak = 978.172 ; gain = 678.230
---------------------------------------------------------------------------------

Report RTL Partitions: 
+-+--------------+------------+----------+
| |RTL Partition |Replication |Instances |
+-+--------------+------------+----------+
+-+--------------+------------+----------+
---------------------------------------------------------------------------------
Start IO Insertion
---------------------------------------------------------------------------------
---------------------------------------------------------------------------------
Start Flattening Before IO Insertion
---------------------------------------------------------------------------------
---------------------------------------------------------------------------------
Finished Flattening Before IO Insertion
---------------------------------------------------------------------------------
---------------------------------------------------------------------------------
Start Final Netlist Cleanup
---------------------------------------------------------------------------------
---------------------------------------------------------------------------------
Finished Final Netlist Cleanup
---------------------------------------------------------------------------------
---------------------------------------------------------------------------------
Finished IO Insertion : Time (s): cpu = 00:00:33 ; elapsed = 00:00:45 . Memory (MB): peak = 978.172 ; gain = 678.230
---------------------------------------------------------------------------------

Report Check Netlist: 
+------+------------------+-------+---------+-------+------------------+
|      |Item              |Errors |Warnings |Status |Description       |
+------+------------------+-------+---------+-------+------------------+
|1     |multi_driven_nets |      0|        0|Passed |Multi driven nets |
+------+------------------+-------+---------+-------+------------------+
---------------------------------------------------------------------------------
Start Renaming Generated Instances
---------------------------------------------------------------------------------
---------------------------------------------------------------------------------
Finished Renaming Generated Instances : Time (s): cpu = 00:00:33 ; elapsed = 00:00:45 . Memory (MB): peak = 978.172 ; gain = 678.230
---------------------------------------------------------------------------------

Report RTL Partitions: 
+-+--------------+------------+----------+
| |RTL Partition |Replication |Instances |
+-+--------------+------------+----------+
+-+--------------+------------+----------+
---------------------------------------------------------------------------------
Start Rebuilding User Hierarchy
---------------------------------------------------------------------------------
---------------------------------------------------------------------------------
Finished Rebuilding User Hierarchy : Time (s): cpu = 00:00:33 ; elapsed = 00:00:45 . Memory (MB): peak = 978.172 ; gain = 678.230
---------------------------------------------------------------------------------
---------------------------------------------------------------------------------
Start Renaming Generated Ports
---------------------------------------------------------------------------------
---------------------------------------------------------------------------------
Finished Renaming Generated Ports : Time (s): cpu = 00:00:33 ; elapsed = 00:00:45 . Memory (MB): peak = 978.172 ; gain = 678.230
---------------------------------------------------------------------------------
---------------------------------------------------------------------------------
Start Handling Custom Attributes
---------------------------------------------------------------------------------
---------------------------------------------------------------------------------
Finished Handling Custom Attributes : Time (s): cpu = 00:00:33 ; elapsed = 00:00:45 . Memory (MB): peak = 978.172 ; gain = 678.230
---------------------------------------------------------------------------------
---------------------------------------------------------------------------------
Start Renaming Generated Nets
---------------------------------------------------------------------------------
---------------------------------------------------------------------------------
Finished Renaming Generated Nets : Time (s): cpu = 00:00:33 ; elapsed = 00:00:45 . Memory (MB): peak = 978.172 ; gain = 678.230
---------------------------------------------------------------------------------
---------------------------------------------------------------------------------
Start Writing Synthesis Report
---------------------------------------------------------------------------------

Report BlackBoxes: 
+-+--------------+----------+
| |BlackBox name |Instances |
+-+--------------+----------+
+-+--------------+----------+

Report Cell Usage: 
+------+------+------+
|      |Cell  |Count |
+------+------+------+
|1     |BIBUF |   130|
|2     |BUFG  |     1|
|3     |LUT1  |   112|
|4     |PS7   |     1|
+------+------+------+

Report Instance Areas: 
+------+---------+-------------------------------------------+------+
|      |Instance |Module                                     |Cells |
+------+---------+-------------------------------------------+------+
|1     |top      |                                           |   244|
|2     |  inst   |processing_system7_v5_5_processing_system7 |   244|
+------+---------+-------------------------------------------+------+
---------------------------------------------------------------------------------
Finished Writing Synthesis Report : Time (s): cpu = 00:00:33 ; elapsed = 00:00:45 . Memory (MB): peak = 978.172 ; gain = 678.230
---------------------------------------------------------------------------------
Synthesis finished with 0 errors, 0 critical warnings and 79 warnings.
Synthesis Optimization Runtime : Time (s): cpu = 00:00:20 ; elapsed = 00:00:31 . Memory (MB): peak = 978.172 ; gain = 394.176
Synthesis Optimization Complete : Time (s): cpu = 00:00:34 ; elapsed = 00:00:45 . Memory (MB): peak = 978.172 ; gain = 678.230
INFO: [Project 1-571] Translating synthesized netlist
INFO: [Project 1-570] Preparing netlist for logic optimization
INFO: [Opt 31-138] Pushed 0 inverter(s) to 0 load pin(s).
Netlist sorting complete. Time (s): cpu = 00:00:00 ; elapsed = 00:00:00 . Memory (MB): peak = 992.547 ; gain = 0.000
INFO: [Project 1-111] Unisim Transformation Summary:
No Unisim elements were transformed.

INFO: [Common 17-83] Releasing license: Synthesis
27 Infos, 102 Warnings, 0 Critical Warnings and 0 Errors encountered.
synth_design completed successfully
synth_design: Time (s): cpu = 00:00:36 ; elapsed = 00:00:48 . Memory (MB): peak = 992.789 ; gain = 700.051
INFO: [Common 17-600] The following parameters have non-default value.
tcl.collectionResultDisplayLimit
Netlist sorting complete. Time (s): cpu = 00:00:00 ; elapsed = 00:00:00 . Memory (MB): peak = 992.789 ; gain = 0.000
WARNING: [Constraints 18-5210] No constraints selected for write.
Resolution: This message can indicate that there are no constraints for the design, or it can indicate that the used_in flags are set such that the constraints are ignored. This later case is used when running synth_design to not write synthesis constraints to the resulting checkpoint. Instead, project constraints are read when the synthesized design is opened.
INFO: [Common 17-1381] The checkpoint 'C:/Users/Tom/Documents/Projects/Scopy_MVP_Platform/scopy-fpga/logic/logic.runs/design_1_processing_system7_0_1_synth_1/design_1_processing_system7_0_1.dcp' has been generated.
INFO: [Coretcl 2-1648] Added synthesis output to IP cache for IP design_1_processing_system7_0_1, cache-ID = 54193338407ae30e
Netlist sorting complete. Time (s): cpu = 00:00:00 ; elapsed = 00:00:00.001 . Memory (MB): peak = 992.789 ; gain = 0.000
WARNING: [Constraints 18-5210] No constraints selected for write.
Resolution: This message can indicate that there are no constraints for the design, or it can indicate that the used_in flags are set such that the constraints are ignored. This later case is used when running synth_design to not write synthesis constraints to the resulting checkpoint. Instead, project constraints are read when the synthesized design is opened.
INFO: [Common 17-1381] The checkpoint 'C:/Users/Tom/Documents/Projects/Scopy_MVP_Platform/scopy-fpga/logic/logic.runs/design_1_processing_system7_0_1_synth_1/design_1_processing_system7_0_1.dcp' has been generated.
INFO: [runtcl-4] Executing : report_utilization -file design_1_processing_system7_0_1_utilization_synth.rpt -pb design_1_processing_system7_0_1_utilization_synth.pb
INFO: [Common 17-206] Exiting Vivado at Sun Jan 19 19:57:04 2020...
