Copyright 1986-2018 Xilinx, Inc. All Rights Reserved.
----------------------------------------------------------------------------------------------------------------------------------
| Tool Version     : Vivado v.2018.3 (win64) Build 2405991 Thu Dec  6 23:38:27 MST 2018
| Date             : Mon Dec  2 21:58:58 2019
| Host             : TomsDesktop running 64-bit major release  (build 9200)
| Command          : report_power -file main_power_routed.rpt -pb main_power_summary_routed.pb -rpx main_power_routed.rpx
| Design           : main
| Device           : xc7z014sclg400-1
| Design State     : routed
| Grade            : commercial
| Process          : typical
| Characterization : Production
----------------------------------------------------------------------------------------------------------------------------------

Power Report

Table of Contents
-----------------
1. Summary
1.1 On-Chip Components
1.2 Power Supply Summary
1.3 Confidence Level
2. Settings
2.1 Environment
2.2 Clock Constraints
3. Detailed Reports
3.1 By Hierarchy

1. Summary
----------

+--------------------------+--------------+
| Total On-Chip Power (W)  | 1.535        |
| Design Power Budget (W)  | Unspecified* |
| Power Budget Margin (W)  | NA           |
| Dynamic (W)              | 1.399        |
| Device Static (W)        | 0.136        |
| Effective TJA (C/W)      | 11.5         |
| Max Ambient (C)          | 67.3         |
| Junction Temperature (C) | 42.7         |
| Confidence Level         | Medium       |
| Setting File             | ---          |
| Simulation Activity File | ---          |
| Design Nets Matched      | NA           |
+--------------------------+--------------+
* Specify Design Power Budget using, set_operating_conditions -design_power_budget <value in Watts>


1.1 On-Chip Components
----------------------

+----------------+-----------+----------+-----------+-----------------+
| On-Chip        | Power (W) | Used     | Available | Utilization (%) |
+----------------+-----------+----------+-----------+-----------------+
| Clocks         |     0.007 |        7 |       --- |             --- |
| Slice Logic    |     0.001 |      856 |       --- |             --- |
|   LUT as Logic |    <0.001 |      316 |     40600 |            0.78 |
|   CARRY4       |    <0.001 |       44 |     13300 |            0.33 |
|   Register     |    <0.001 |      308 |     81200 |            0.38 |
|   Others       |     0.000 |      146 |       --- |             --- |
| Signals        |     0.001 |      690 |       --- |             --- |
| Block RAM      |     0.002 |        1 |       107 |            0.93 |
| MMCM           |     0.106 |        1 |         4 |           25.00 |
| DSPs           |     0.003 |        3 |       170 |            1.76 |
| I/O            |     0.008 |       14 |       125 |           11.20 |
| PS7            |     1.272 |        1 |       --- |             --- |
| Static Power   |     0.136 |          |           |                 |
| Total          |     1.535 |          |           |                 |
+----------------+-----------+----------+-----------+-----------------+


1.2 Power Supply Summary
------------------------

+-----------+-------------+-----------+-------------+------------+
| Source    | Voltage (V) | Total (A) | Dynamic (A) | Static (A) |
+-----------+-------------+-----------+-------------+------------+
| Vccint    |       1.000 |     0.028 |       0.014 |      0.014 |
| Vccaux    |       1.800 |     0.073 |       0.058 |      0.015 |
| Vcco33    |       3.300 |     0.000 |       0.000 |      0.000 |
| Vcco25    |       2.500 |     0.000 |       0.000 |      0.000 |
| Vcco18    |       1.800 |     0.005 |       0.004 |      0.001 |
| Vcco15    |       1.500 |     0.000 |       0.000 |      0.000 |
| Vcco135   |       1.350 |     0.000 |       0.000 |      0.000 |
| Vcco12    |       1.200 |     0.000 |       0.000 |      0.000 |
| Vccaux_io |       1.800 |     0.000 |       0.000 |      0.000 |
| Vccbram   |       1.000 |     0.001 |       0.000 |      0.001 |
| MGTAVcc   |       1.000 |     0.000 |       0.000 |      0.000 |
| MGTAVtt   |       1.200 |     0.000 |       0.000 |      0.000 |
| MGTVccaux |       1.800 |     0.000 |       0.000 |      0.000 |
| Vccpint   |       1.000 |     0.694 |       0.665 |      0.028 |
| Vccpaux   |       1.800 |     0.036 |       0.026 |      0.010 |
| Vccpll    |       1.800 |     0.018 |       0.015 |      0.003 |
| Vcco_ddr  |       1.500 |     0.356 |       0.354 |      0.002 |
| Vcco_mio0 |       1.800 |     0.000 |       0.000 |      0.000 |
| Vcco_mio1 |       1.800 |     0.001 |       0.000 |      0.001 |
| Vccadc    |       1.800 |     0.020 |       0.000 |      0.020 |
+-----------+-------------+-----------+-------------+------------+


1.3 Confidence Level
--------------------

+-----------------------------+------------+------------------------------------------------+------------------------------------------------------------------------------------------------------------+
| User Input Data             | Confidence | Details                                        | Action                                                                                                     |
+-----------------------------+------------+------------------------------------------------+------------------------------------------------------------------------------------------------------------+
| Design implementation state | High       | Design is routed                               |                                                                                                            |
| Clock nodes activity        | High       | User specified more than 95% of clocks         |                                                                                                            |
| I/O nodes activity          | High       | User specified more than 95% of inputs         |                                                                                                            |
| Internal nodes activity     | Medium     | User specified less than 25% of internal nodes | Provide missing internal nodes activity with simulation results or by editing the "By Resource Type" views |
| Device models               | High       | Device models are Production                   |                                                                                                            |
|                             |            |                                                |                                                                                                            |
| Overall confidence level    | Medium     |                                                |                                                                                                            |
+-----------------------------+------------+------------------------------------------------+------------------------------------------------------------------------------------------------------------+


2. Settings
-----------

2.1 Environment
---------------

+-----------------------+------------------------+
| Ambient Temp (C)      | 25.0                   |
| ThetaJA (C/W)         | 11.5                   |
| Airflow (LFM)         | 250                    |
| Heat Sink             | none                   |
| ThetaSA (C/W)         | 0.0                    |
| Board Selection       | medium (10"x10")       |
| # of Board Layers     | 8to11 (8 to 11 Layers) |
| Board Temperature (C) | 25.0                   |
+-----------------------+------------------------+


2.2 Clock Constraints
---------------------

+-----------------------+-----------------------------------------------------------------+-----------------+
| Clock                 | Domain                                                          | Constraint (ns) |
+-----------------------+-----------------------------------------------------------------+-----------------+
| clk_fpga_0            | nolabel_line42/processing_system7_0/inst/FCLK_CLK0              |            20.0 |
| clk_fpga_0            | nolabel_line42/processing_system7_0/inst/FCLK_CLK_unbuffered[0] |            20.0 |
| clk_out1_0_clk_wiz_0  | nolabel_line46/inst/clk_out1_0_clk_wiz_0                        |            10.0 |
| clk_out1_90_clk_wiz_0 | nolabel_line46/inst/clk_out1_90_clk_wiz_0                       |            10.0 |
| clkfbout_clk_wiz_0    | nolabel_line46/inst/clkfbout_clk_wiz_0                          |            20.0 |
+-----------------------+-----------------------------------------------------------------+-----------------+


3. Detailed Reports
-------------------

3.1 By Hierarchy
----------------

+--------------------------+-----------+
| Name                     | Power (W) |
+--------------------------+-----------+
| main                     |     1.399 |
|   blk_mem_gen_0_x        |     0.002 |
|     U0                   |     0.002 |
|       inst_blk_mem_gen   |     0.002 |
|   nolabel_line110        |     0.013 |
|     OBUFDS_inst_lane0    |     0.002 |
|     OBUFDS_inst_lane1    |     0.002 |
|     OBUFDS_inst_lane_clk |     0.004 |
|   nolabel_line42         |     1.272 |
|     processing_system7_0 |     1.272 |
|       inst               |     1.272 |
|   nolabel_line46         |     0.106 |
|     inst                 |     0.106 |
+--------------------------+-----------+


