Copyright 1986-2018 Xilinx, Inc. All Rights Reserved.
------------------------------------------------------------------------------------
| Tool Version : Vivado v.2018.3 (win64) Build 2405991 Thu Dec  6 23:38:27 MST 2018
| Date         : Sat Dec 14 13:26:02 2019
| Host         : TomsDesktop running 64-bit major release  (build 9200)
| Command      : report_control_sets -verbose -file main_control_sets_placed.rpt
| Design       : main
| Device       : xc7z014s
------------------------------------------------------------------------------------

Control Set Information

Table of Contents
-----------------
1. Summary
2. Histogram
3. Flip-Flop Distribution
4. Detailed Control Set Information

1. Summary
----------

+----------------------------------------------------------+-------+
|                          Status                          | Count |
+----------------------------------------------------------+-------+
| Number of unique control sets                            |    21 |
| Unused register locations in slices containing registers |    54 |
+----------------------------------------------------------+-------+


2. Histogram
------------

+--------+--------------+
| Fanout | Control Sets |
+--------+--------------+
|      1 |            3 |
|      2 |            1 |
|      4 |            2 |
|      5 |            1 |
|     13 |            1 |
|     14 |            1 |
|     15 |            1 |
|    16+ |           11 |
+--------+--------------+


3. Flip-Flop Distribution
-------------------------

+--------------+-----------------------+------------------------+-----------------+--------------+
| Clock Enable | Synchronous Set/Reset | Asynchronous Set/Reset | Total Registers | Total Slices |
+--------------+-----------------------+------------------------+-----------------+--------------+
| No           | No                    | No                     |             102 |           33 |
| No           | No                    | Yes                    |               0 |            0 |
| No           | Yes                   | No                     |              32 |            8 |
| Yes          | No                    | No                     |              91 |           33 |
| Yes          | No                    | Yes                    |               0 |            0 |
| Yes          | Yes                   | No                     |              89 |           20 |
+--------------+-----------------------+------------------------+-----------------+--------------+


4. Detailed Control Set Information
-----------------------------------

+--------------------------------------------+------------------------------------------------------+-------------------------------------------------+------------------+----------------+
|                Clock Signal                |                     Enable Signal                    |                 Set/Reset Signal                | Slice Load Count | Bel Load Count |
+--------------------------------------------+------------------------------------------------------+-------------------------------------------------+------------------+----------------+
|  nolabel_line115/clk_mipi_ref              | cam_end_idle_counter[23]_i_2_n_0                     |                                                 |                1 |              1 |
|  nolabel_line115/clk_mipi_ref              | nolabel_line115/busy_reg_2                           |                                                 |                1 |              1 |
|  nolabel_line115/clk_mipi_ref              | nolabel_line115/busy_reg_0                           |                                                 |                1 |              1 |
|  nolabel_line46/inst/clk_out1_0            |                                                      |                                                 |                1 |              2 |
|  nolabel_line115/mod_clk_I_bufg_oserdese   | nolabel_line115/csi_lpclk_state_reg[1]_0             |                                                 |                3 |              4 |
|  nolabel_line115/clk_mipi_ref              | nolabel_line115/E[0]                                 |                                                 |                2 |              4 |
|  nolabel_line115/mod_clk_I_bufg_oserdese   |                                                      |                                                 |                2 |              5 |
|  nolabel_line115/clk_mipi_ref              | nolabel_line115/FSM_onehot_current_state[12]_i_1_n_0 |                                                 |                2 |             13 |
|  nolabel_line115/clk_mipi_ref              | nolabel_line115/busy_reg_2                           | nolabel_line115/FSM_sequential_cam_state_reg[2] |                4 |             14 |
|  nolabel_line115/clk_mipi_ref              | nolabel_line115/tx_words_counter[15]_i_2_n_0         | nolabel_line115/tx_words_counter[15]_i_1_n_0    |                4 |             15 |
|  nolabel_line115/clk_mipi_ref              |                                                      | nolabel_line115/state_timer_rst_reg_n_0         |                4 |             16 |
|  nolabel_line115/clk_mipi_ref              |                                                      | nolabel_line115/clk_state_timer_rst_reg_n_0     |                4 |             16 |
|  nolabel_line115/clk_mipi_ref              | mipi_wct_short                                       | mipi_wct_short[15]_i_1_n_0                      |                3 |             16 |
|  nolabel_line115/clk_mipi_ref              | nolabel_line115/frame                                |                                                 |                4 |             16 |
|  nolabel_line115/clk_mipi_ref              | nolabel_line115/hs_tx_byte_d0[7]_i_1_n_0             |                                                 |                7 |             16 |
|  nolabel_line115/clk_mipi_ref              | nolabel_line115/state_timer_2[15]_i_1_n_0            |                                                 |                7 |             16 |
|  nolabel_line115/clk_mipi_ref              | nolabel_line115/vc_id_latch                          |                                                 |                5 |             19 |
|  nolabel_line115/clk_mipi_ref              | cam_end_idle_counter[23]_i_2_n_0                     | cam_end_idle_counter[23]_i_1_n_0                |                4 |             22 |
|  nolabel_line115/clk_mipi_ref              | nolabel_line115/busy_reg_0                           | nolabel_line115/FSM_sequential_cam_state_reg[3] |                5 |             22 |
|  nolabel_line115/mod_clk_div4_oserdese_ln0 |                                                      |                                                 |                5 |             23 |
|  nolabel_line115/clk_mipi_ref              |                                                      |                                                 |               25 |             72 |
+--------------------------------------------+------------------------------------------------------+-------------------------------------------------+------------------+----------------+


