Copyright 1986-2019 Xilinx, Inc. All Rights Reserved.
----------------------------------------------------------------------------------------------------------------------------------
| Tool Version     : Vivado v.2019.2 (win64) Build 2708876 Wed Nov  6 21:40:23 MST 2019
| Date             : Sun Mar  1 22:01:39 2020
| Host             : TomsDesktop running 64-bit major release  (build 9200)
| Command          : report_power -file main_power_routed.rpt -pb main_power_summary_routed.pb -rpx main_power_routed.rpx
| Design           : main
| Device           : xc7z014sclg400-1
| Design State     : routed
| Grade            : commercial
| Process          : typical
| Characterization : Production
----------------------------------------------------------------------------------------------------------------------------------

Power Report

Table of Contents
-----------------
1. Summary
1.1 On-Chip Components
1.2 Power Supply Summary
1.3 Confidence Level
2. Settings
2.1 Environment
2.2 Clock Constraints
3. Detailed Reports
3.1 By Hierarchy

1. Summary
----------

+--------------------------+--------------+
| Total On-Chip Power (W)  | 1.903        |
| Design Power Budget (W)  | Unspecified* |
| Power Budget Margin (W)  | NA           |
| Dynamic (W)              | 1.743        |
| Device Static (W)        | 0.160        |
| Effective TJA (C/W)      | 11.5         |
| Max Ambient (C)          | 63.1         |
| Junction Temperature (C) | 46.9         |
| Confidence Level         | Medium       |
| Setting File             | ---          |
| Simulation Activity File | ---          |
| Design Nets Matched      | NA           |
+--------------------------+--------------+
* Specify Design Power Budget using, set_operating_conditions -design_power_budget <value in Watts>


1.1 On-Chip Components
----------------------

+--------------------------+-----------+----------+-----------+-----------------+
| On-Chip                  | Power (W) | Used     | Available | Utilization (%) |
+--------------------------+-----------+----------+-----------+-----------------+
| Clocks                   |     0.120 |       11 |       --- |             --- |
| Slice Logic              |     0.024 |    23435 |       --- |             --- |
|   LUT as Logic           |     0.020 |     7955 |     40600 |           19.59 |
|   Register               |     0.002 |    11056 |     81200 |           13.62 |
|   CARRY4                 |     0.001 |      358 |     13300 |            2.69 |
|   LUT as Shift Register  |    <0.001 |      617 |     17400 |            3.55 |
|   F7/F8 Muxes            |    <0.001 |      372 |     53200 |            0.70 |
|   LUT as Distributed RAM |    <0.001 |       40 |     17400 |            0.23 |
|   Others                 |     0.000 |     1254 |       --- |             --- |
| Signals                  |     0.052 |    17195 |       --- |             --- |
| Block RAM                |     0.130 |       68 |       107 |           63.55 |
| MMCM                     |     0.117 |        1 |         4 |           25.00 |
| DSPs                     |    <0.001 |        1 |       170 |            0.59 |
| I/O                      |     0.017 |       16 |       125 |           12.80 |
| PS7                      |     1.283 |        1 |       --- |             --- |
| Static Power             |     0.160 |          |           |                 |
| Total                    |     1.903 |          |           |                 |
+--------------------------+-----------+----------+-----------+-----------------+


1.2 Power Supply Summary
------------------------

+-----------+-------------+-----------+-------------+------------+
| Source    | Voltage (V) | Total (A) | Dynamic (A) | Static (A) |
+-----------+-------------+-----------+-------------+------------+
| Vccint    |       1.000 |     0.339 |       0.320 |      0.019 |
| Vccaux    |       1.800 |     0.082 |       0.066 |      0.016 |
| Vcco33    |       3.300 |     0.000 |       0.000 |      0.000 |
| Vcco25    |       2.500 |     0.002 |       0.001 |      0.001 |
| Vcco18    |       1.800 |     0.005 |       0.004 |      0.001 |
| Vcco15    |       1.500 |     0.000 |       0.000 |      0.000 |
| Vcco135   |       1.350 |     0.000 |       0.000 |      0.000 |
| Vcco12    |       1.200 |     0.000 |       0.000 |      0.000 |
| Vccaux_io |       1.800 |     0.000 |       0.000 |      0.000 |
| Vccbram   |       1.000 |     0.016 |       0.010 |      0.006 |
| MGTAVcc   |       1.000 |     0.000 |       0.000 |      0.000 |
| MGTAVtt   |       1.200 |     0.000 |       0.000 |      0.000 |
| MGTVccaux |       1.800 |     0.000 |       0.000 |      0.000 |
| Vccpint   |       1.000 |     0.709 |       0.677 |      0.033 |
| Vccpaux   |       1.800 |     0.036 |       0.026 |      0.010 |
| Vccpll    |       1.800 |     0.018 |       0.015 |      0.003 |
| Vcco_ddr  |       1.500 |     0.356 |       0.354 |      0.002 |
| Vcco_mio0 |       3.300 |     0.001 |       0.000 |      0.001 |
| Vcco_mio1 |       3.300 |     0.001 |       0.000 |      0.001 |
| Vccadc    |       1.800 |     0.020 |       0.000 |      0.020 |
+-----------+-------------+-----------+-------------+------------+


1.3 Confidence Level
--------------------

+-----------------------------+------------+------------------------------------------------+------------------------------------------------------------------------------------------------------------+
| User Input Data             | Confidence | Details                                        | Action                                                                                                     |
+-----------------------------+------------+------------------------------------------------+------------------------------------------------------------------------------------------------------------+
| Design implementation state | High       | Design is routed                               |                                                                                                            |
| Clock nodes activity        | High       | User specified more than 95% of clocks         |                                                                                                            |
| I/O nodes activity          | High       | User specified more than 95% of inputs         |                                                                                                            |
| Internal nodes activity     | Medium     | User specified less than 25% of internal nodes | Provide missing internal nodes activity with simulation results or by editing the "By Resource Type" views |
| Device models               | High       | Device models are Production                   |                                                                                                            |
|                             |            |                                                |                                                                                                            |
| Overall confidence level    | Medium     |                                                |                                                                                                            |
+-----------------------------+------------+------------------------------------------------+------------------------------------------------------------------------------------------------------------+


2. Settings
-----------

2.1 Environment
---------------

+-----------------------+------------------------+
| Ambient Temp (C)      | 25.0                   |
| ThetaJA (C/W)         | 11.5                   |
| Airflow (LFM)         | 250                    |
| Heat Sink             | none                   |
| ThetaSA (C/W)         | 0.0                    |
| Board Selection       | medium (10"x10")       |
| # of Board Layers     | 8to11 (8 to 11 Layers) |
| Board Temperature (C) | 25.0                   |
+-----------------------+------------------------+


2.2 Clock Constraints
---------------------

+--------------------------------------------------------------------------------------------+--------------------------------------------------------------------------------------+-----------------+
| Clock                                                                                      | Domain                                                                               | Constraint (ns) |
+--------------------------------------------------------------------------------------------+--------------------------------------------------------------------------------------+-----------------+
| adc_data_clk                                                                               | nolabel_line390/adc_data_clk                                                         |             4.0 |
| adc_lvds_clk                                                                               | adc_lclk_p                                                                           |             1.0 |
| cfg_bram_clkb                                                                              | nolabel_line125/cfg_bram_clk                                                         |            11.3 |
| clk_fpga_0                                                                                 | nolabel_line210/processing_system7_0/inst/FCLK_CLK0                                  |             5.6 |
| clk_fpga_0                                                                                 | nolabel_line210/processing_system7_0/inst/FCLK_CLK_unbuffered[0]                     |             5.6 |
| clk_out1_design_1_clk_wiz_0_0                                                              | nolabel_line210/clk_wiz_0/inst/CLK_CORE_DRP_I/clk_inst/clk_out1_design_1_clk_wiz_0_0 |             3.3 |
| clk_out2_design_1_clk_wiz_0_0                                                              | nolabel_line210/clk_wiz_0/inst/CLK_CORE_DRP_I/clk_inst/clk_out2_design_1_clk_wiz_0_0 |             3.3 |
| clkfbout_design_1_clk_wiz_0_0                                                              | nolabel_line210/clk_wiz_0/inst/CLK_CORE_DRP_I/clk_inst/clkfbout_design_1_clk_wiz_0_0 |            11.3 |
| dbg_hub/inst/BSCANID.u_xsdbm_id/SWITCH_N_EXT_BSCAN.bscan_inst/SERIES7_BSCAN.bscan_inst/TCK | dbg_hub/inst/BSCANID.u_xsdbm_id/SWITCH_N_EXT_BSCAN.bscan_inst/tck_bs                 |            33.0 |
+--------------------------------------------------------------------------------------------+--------------------------------------------------------------------------------------+-----------------+


3. Detailed Reports
-------------------

3.1 By Hierarchy
----------------

+----------------------------+-----------+
| Name                       | Power (W) |
+----------------------------+-----------+
| main                       |     1.743 |
|   dbg_hub                  |     0.007 |
|     inst                   |     0.007 |
|       BSCANID.u_xsdbm_id   |     0.007 |
|   nolabel_line125          |     0.003 |
|   nolabel_line210          |     1.690 |
|     adc_axi_streamer       |     0.023 |
|       inst                 |     0.023 |
|     axi_bram_ctrl_0        |     0.004 |
|       U0                   |     0.004 |
|     axi_bram_ctrl_1        |     0.004 |
|       U0                   |     0.004 |
|     axi_dma                |     0.018 |
|       U0                   |     0.018 |
|     axi_interconnect_0     |     0.028 |
|       m00_couplers         |     0.008 |
|       m03_couplers         |     0.008 |
|       xbar                 |     0.012 |
|     axi_mem_intercon       |     0.002 |
|       s00_couplers         |     0.002 |
|     blk_mem_gen_0          |     0.006 |
|       U0                   |     0.006 |
|     blk_mem_gen_1          |     0.065 |
|       U0                   |     0.065 |
|     clk_wiz_0              |     0.130 |
|       inst                 |     0.130 |
|     ila_0                  |     0.122 |
|       inst                 |     0.122 |
|     processing_system7_0   |     1.288 |
|       inst                 |     1.288 |
|   nolabel_line303          |     0.031 |
|     mipi_csi0              |     0.027 |
|       OBUFDS_inst_lane0    |     0.002 |
|       OBUFDS_inst_lane1    |     0.002 |
|       OBUFDS_inst_lane_clk |     0.002 |
|   nolabel_line390          |     0.009 |
+----------------------------+-----------+


